{"numFailedTestSuites":0,"numFailedTests":0,"numPassedTestSuites":71,"numPassedTests":166,"numPendingTestSuites":0,"numPendingTests":0,"numRuntimeErrorTestSuites":0,"numTodoTests":0,"numTotalTestSuites":71,"numTotalTests":166,"openHandles":[],"snapshot":{"added":0,"didUpdate":false,"failure":false,"filesAdded":0,"filesRemoved":0,"filesRemovedList":[],"filesUnmatched":0,"filesUpdated":0,"matched":0,"total":0,"unchecked":0,"uncheckedKeysByFile":[],"unmatched":0,"updated":0},"startTime":1704201768704,"success":true,"testResults":[{"assertionResults":[{"ancestorTitles":["ProfilePage"],"duration":33,"failureDetails":[],"failureMessages":[],"fullName":"ProfilePage Given ProfilePage when its mount then ","invocations":1,"location":null,"numPassingAsserts":1,"retryReasons":[],"status":"passed","title":"Given ProfilePage when its mount then "}],"endTime":1704201775205,"message":"","name":"/home/docker/project/react-crud-mui/src/module/auth/page/profile/ProfilePage.test.js","startTime":1704201769417,"status":"passed","summary":""},{"assertionResults":[{"ancestorTitles":["CustomList"],"duration":20,"failureDetails":[],"failureMessages":[],"fullName":"CustomList Given CustomList when its mount with no data then list is empty","invocations":1,"location":null,"numPassingAsserts":1,"retryReasons":[],"status":"passed","title":"Given CustomList when its mount with no data then list is empty"},{"ancestorTitles":["CustomList"],"duration":75,"failureDetails":[],"failureMessages":[],"fullName":"CustomList Given CustomList when its mount with datas then list not empty","invocations":1,"location":null,"numPassingAsserts":3,"retryReasons":[],"status":"passed","title":"Given CustomList when its mount with datas then list not empty"}],"endTime":1704201775237,"message":"","name":"/home/docker/project/react-crud-mui/src/module/custom/list/component/CustomList.test.js","startTime":1704201769417,"status":"passed","summary":""},{"assertionResults":[{"ancestorTitles":["AdminTabPage"],"duration":44,"failureDetails":[],"failureMessages":[],"fullName":"AdminTabPage Given AdminTabPage when its mount then ","invocations":1,"location":null,"numPassingAsserts":0,"retryReasons":[],"status":"passed","title":"Given AdminTabPage when its mount then "}],"endTime":1704201775279,"message":"","name":"/home/docker/project/react-crud-mui/src/module/admin/page/tab/AdminTabPage.test.js","startTime":1704201769417,"status":"passed","summary":""},{"assertionResults":[{"ancestorTitles":["ForgetPasswordPage"],"duration":211,"failureDetails":[],"failureMessages":[],"fullName":"ForgetPasswordPage Given ForgetPasswordPage when its mount then ","invocations":1,"location":null,"numPassingAsserts":1,"retryReasons":[],"status":"passed","title":"Given ForgetPasswordPage when its mount then "}],"endTime":1704201778336,"message":"","name":"/home/docker/project/react-crud-mui/src/module/auth/page/forget-password/ForgetPasswordPage.test.js","startTime":1704201775222,"status":"passed","summary":""},{"assertionResults":[{"ancestorTitles":["RegisterPage"],"duration":223,"failureDetails":[],"failureMessages":[],"fullName":"RegisterPage Given RegisterPage when its mount then ","invocations":1,"location":null,"numPassingAsserts":1,"retryReasons":[],"status":"passed","title":"Given RegisterPage when its mount then "}],"endTime":1704201778356,"message":"","name":"/home/docker/project/react-crud-mui/src/module/auth/page/register/RegisterPage.test.js","startTime":1704201775251,"status":"passed","summary":""},{"assertionResults":[{"ancestorTitles":["AdminShowPage"],"duration":19,"failureDetails":[],"failureMessages":[],"fullName":"AdminShowPage Given AdminShowPage when its mount then ","invocations":1,"location":null,"numPassingAsserts":0,"retryReasons":[],"status":"passed","title":"Given AdminShowPage when its mount then "}],"endTime":1704201779135,"message":"","name":"/home/docker/project/react-crud-mui/src/module/admin/page/show/AdminShowPage.test.js","startTime":1704201775296,"status":"passed","summary":""},{"assertionResults":[{"ancestorTitles":["NewsShowPage"],"duration":25,"failureDetails":[],"failureMessages":[],"fullName":"NewsShowPage Given NewsShowPage when its mount then ","invocations":1,"location":null,"numPassingAsserts":1,"retryReasons":[],"status":"passed","title":"Given NewsShowPage when its mount then "}],"endTime":1704201781219,"message":"","name":"/home/docker/project/react-crud-mui/src/module/news/page/show/NewsShowPage.test.js","startTime":1704201778366,"status":"passed","summary":""},{"assertionResults":[{"ancestorTitles":["LoginPage"],"duration":245,"failureDetails":[],"failureMessages":[],"fullName":"LoginPage Given LoginPage when its mount then ","invocations":1,"location":null,"numPassingAsserts":1,"retryReasons":[],"status":"passed","title":"Given LoginPage when its mount then "}],"endTime":1704201781430,"message":"","name":"/home/docker/project/react-crud-mui/src/module/auth/page/login/LoginPage.test.js","startTime":1704201778372,"status":"passed","summary":""},{"assertionResults":[{"ancestorTitles":["NewsUpdatePage"],"duration":46,"failureDetails":[],"failureMessages":[],"fullName":"NewsUpdatePage Given NewsUpdatePage when its mount then ","invocations":1,"location":null,"numPassingAsserts":1,"retryReasons":[],"status":"passed","title":"Given NewsUpdatePage when its mount then "}],"endTime":1704201782050,"message":"","name":"/home/docker/project/react-crud-mui/src/module/news/page/update/NewsUpdatePage.test.js","startTime":1704201779154,"status":"passed","summary":""},{"assertionResults":[{"ancestorTitles":["CheckIdentityPage"],"duration":447,"failureDetails":[],"failureMessages":[],"fullName":"CheckIdentityPage Given CheckIdentityPage when its mount then ","invocations":1,"location":null,"numPassingAsserts":3,"retryReasons":[],"status":"passed","title":"Given CheckIdentityPage when its mount then "}],"endTime":1704201784405,"message":"","name":"/home/docker/project/react-crud-mui/src/module/auth/page/check-identity/CheckIdentityPage.test.js","startTime":1704201781229,"status":"passed","summary":""},{"assertionResults":[{"ancestorTitles":["useIcon"],"duration":29,"failureDetails":[],"failureMessages":[],"fullName":"useIcon Given useIcon when is mount with an id Then ","invocations":1,"location":null,"numPassingAsserts":1,"retryReasons":[],"status":"passed","title":"Given useIcon when is mount with an id Then "}],"endTime":1704201785085,"message":"","name":"/home/docker/project/react-crud-mui/src/mui/hook/useIcon.test.js","startTime":1704201782072,"status":"passed","summary":""},{"assertionResults":[{"ancestorTitles":["CustomForm"],"duration":63,"failureDetails":[],"failureMessages":[],"fullName":"CustomForm Given CustomForm when its mount then ","invocations":1,"location":null,"numPassingAsserts":1,"retryReasons":[],"status":"passed","title":"Given CustomForm when its mount then "}],"endTime":1704201785219,"message":"","name":"/home/docker/project/react-crud-mui/src/module/custom/form/component/CustomForm.test.js","startTime":1704201781446,"status":"passed","summary":""},{"assertionResults":[{"ancestorTitles":["CustomFormManyToMany"],"duration":79,"failureDetails":[],"failureMessages":[],"fullName":"CustomFormManyToMany Given CustomFormManyToMany when its mount then ","invocations":1,"location":null,"numPassingAsserts":2,"retryReasons":[],"status":"passed","title":"Given CustomFormManyToMany when its mount then "}],"endTime":1704201787130,"message":"","name":"/home/docker/project/react-crud-mui/src/module/custom/form/component/CustomFormManyToMany.test.js","startTime":1704201784425,"status":"passed","summary":""},{"assertionResults":[{"ancestorTitles":["NewsListPage"],"duration":19,"failureDetails":[],"failureMessages":[],"fullName":"NewsListPage Given NewsListPage when its mount then ","invocations":1,"location":null,"numPassingAsserts":1,"retryReasons":[],"status":"passed","title":"Given NewsListPage when its mount then "}],"endTime":1704201787715,"message":"","name":"/home/docker/project/react-crud-mui/src/module/news/page/list/NewsListPage.test.js","startTime":1704201785102,"status":"passed","summary":""},{"assertionResults":[{"ancestorTitles":["CustomIcon"],"duration":23,"failureDetails":[],"failureMessages":[],"fullName":"CustomIcon Given CustomIcon when its mount then ","invocations":1,"location":null,"numPassingAsserts":1,"retryReasons":[],"status":"passed","title":"Given CustomIcon when its mount then "}],"endTime":1704201787881,"message":"","name":"/home/docker/project/react-crud-mui/src/module/custom/icon/component/CustomIcon.test.js","startTime":1704201785235,"status":"passed","summary":""},{"assertionResults":[{"ancestorTitles":["ActivationPage"],"duration":17,"failureDetails":[],"failureMessages":[],"fullName":"ActivationPage Given ActivationPage when its mount then ","invocations":1,"location":null,"numPassingAsserts":1,"retryReasons":[],"status":"passed","title":"Given ActivationPage when its mount then "}],"endTime":1704201789897,"message":"","name":"/home/docker/project/react-crud-mui/src/module/auth/page/activation/ActivationPage.test.js","startTime":1704201787139,"status":"passed","summary":""},{"assertionResults":[{"ancestorTitles":["useModal"],"duration":47,"failureDetails":[],"failureMessages":[],"fullName":"useModal Given useModal when is mount with an id Then ","invocations":1,"location":null,"numPassingAsserts":2,"retryReasons":[],"status":"passed","title":"Given useModal when is mount with an id Then "}],"endTime":1704201790167,"message":"","name":"/home/docker/project/react-crud-mui/src/hook/modal/useModal.test.js","startTime":1704201789905,"status":"passed","summary":""},{"assertionResults":[{"ancestorTitles":["MdCard"],"duration":18,"failureDetails":[],"failureMessages":[],"fullName":"MdCard Given MdCard when its mount then ButtonGroup is shown","invocations":1,"location":null,"numPassingAsserts":1,"retryReasons":[],"status":"passed","title":"Given MdCard when its mount then ButtonGroup is shown"}],"endTime":1704201790397,"message":"","name":"/home/docker/project/react-crud-mui/src/mui/component/card/MdCard.test.js","startTime":1704201787725,"status":"passed","summary":""},{"assertionResults":[{"ancestorTitles":[],"duration":61,"failureDetails":[],"failureMessages":[],"fullName":"renders learn react link","invocations":1,"location":null,"numPassingAsserts":1,"retryReasons":[],"status":"passed","title":"renders learn react link"}],"endTime":1704201790533,"message":"","name":"/home/docker/project/react-crud-mui/src/mui/component/menu/MdMenuItem.test.js","startTime":1704201790178,"status":"passed","summary":""},{"assertionResults":[{"ancestorTitles":["MdMarkdown"],"duration":15,"failureDetails":[],"failureMessages":[],"fullName":"MdMarkdown Given MdMarkdown When its mount Then MuiMarkdown is shown","invocations":1,"location":null,"numPassingAsserts":1,"retryReasons":[],"status":"passed","title":"Given MdMarkdown When its mount Then MuiMarkdown is shown"}],"endTime":1704201790677,"message":"","name":"/home/docker/project/react-crud-mui/src/mui/component/markdown/MdMarkdown.test.js","startTime":1704201790405,"status":"passed","summary":""},{"assertionResults":[{"ancestorTitles":["NewsCardSmall"],"duration":20,"failureDetails":[],"failureMessages":[],"fullName":"NewsCardSmall Given NewsCardSmall when its mount then CardContent is shown","invocations":1,"location":null,"numPassingAsserts":1,"retryReasons":[],"status":"passed","title":"Given NewsCardSmall when its mount then CardContent is shown"}],"endTime":1704201790690,"message":"","name":"/home/docker/project/react-crud-mui/src/module/news/component/card/NewsCardSmall.test.js","startTime":1704201787889,"status":"passed","summary":""},{"assertionResults":[{"ancestorTitles":["MdTabs"],"duration":11,"failureDetails":[],"failureMessages":[],"fullName":"MdTabs Given MdTabs when its mount then Tabs is shown","invocations":1,"location":null,"numPassingAsserts":1,"retryReasons":[],"status":"passed","title":"Given MdTabs when its mount then Tabs is shown"}],"endTime":1704201790773,"message":"","name":"/home/docker/project/react-crud-mui/src/mui/component/tabs/MdTabs.test.js","startTime":1704201790547,"status":"passed","summary":""},{"assertionResults":[{"ancestorTitles":["MdContent"],"duration":12,"failureDetails":[],"failureMessages":[],"fullName":"MdContent Given MdContent when its mount then ButtonGroup is shown","invocations":1,"location":null,"numPassingAsserts":1,"retryReasons":[],"status":"passed","title":"Given MdContent when its mount then ButtonGroup is shown"}],"endTime":1704201790911,"message":"","name":"/home/docker/project/react-crud-mui/src/mui/component/content/MdContent.test.js","startTime":1704201790686,"status":"passed","summary":""},{"assertionResults":[{"ancestorTitles":["MdLinearProgress"],"duration":11,"failureDetails":[],"failureMessages":[],"fullName":"MdLinearProgress Given MdLinearProgress When its mount Then LinearProgress is shown","invocations":1,"location":null,"numPassingAsserts":1,"retryReasons":[],"status":"passed","title":"Given MdLinearProgress When its mount Then LinearProgress is shown"}],"endTime":1704201790929,"message":"","name":"/home/docker/project/react-crud-mui/src/mui/component/linear-progress/MdLinearProgress.test.js","startTime":1704201790712,"status":"passed","summary":""},{"assertionResults":[{"ancestorTitles":["MdContainer"],"duration":11,"failureDetails":[],"failureMessages":[],"fullName":"MdContainer Given MdContainer when its mount then ButtonGroup is shown","invocations":1,"location":null,"numPassingAsserts":1,"retryReasons":[],"status":"passed","title":"Given MdContainer when its mount then ButtonGroup is shown"}],"endTime":1704201791011,"message":"","name":"/home/docker/project/react-crud-mui/src/mui/component/container/MdContainer.test.js","startTime":1704201790786,"status":"passed","summary":""},{"assertionResults":[{"ancestorTitles":["MdBouttonGroup"],"duration":23,"failureDetails":[],"failureMessages":[],"fullName":"MdBouttonGroup Given MdBouttonGroup when its mount then ButtonGroup is shown","invocations":1,"location":null,"numPassingAsserts":1,"retryReasons":[],"status":"passed","title":"Given MdBouttonGroup when its mount then ButtonGroup is shown"}],"endTime":1704201791161,"message":"","name":"/home/docker/project/react-crud-mui/src/mui/component/button/group/MdBouttonGroup.test.js","startTime":1704201790941,"status":"passed","summary":""},{"assertionResults":[{"ancestorTitles":[],"duration":46,"failureDetails":[],"failureMessages":[],"fullName":"renders learn react link","invocations":1,"location":null,"numPassingAsserts":1,"retryReasons":[],"status":"passed","title":"renders learn react link"}],"endTime":1704201791255,"message":"","name":"/home/docker/project/react-crud-mui/src/mui/component/searchbar/MdSearchBar.test.js","startTime":1704201790926,"status":"passed","summary":""},{"assertionResults":[{"ancestorTitles":["MdFabAdd"],"duration":20,"failureDetails":[],"failureMessages":[],"fullName":"MdFabAdd Given MdFabAdd when its mount then ButtonGroup is shown","invocations":1,"location":null,"numPassingAsserts":1,"retryReasons":[],"status":"passed","title":"Given MdFabAdd when its mount then ButtonGroup is shown"}],"endTime":1704201791337,"message":"","name":"/home/docker/project/react-crud-mui/src/mui/component/fab/add/MdFabAdd.test.js","startTime":1704201791021,"status":"passed","summary":""},{"assertionResults":[{"ancestorTitles":["MdTableWithPagination"],"duration":20,"failureDetails":[],"failureMessages":[],"fullName":"MdTableWithPagination Given MdTableWithPagination when its mount then Table is shown","invocations":1,"location":null,"numPassingAsserts":1,"retryReasons":[],"status":"passed","title":"Given MdTableWithPagination when its mount then Table is shown"}],"endTime":1704201791430,"message":"","name":"/home/docker/project/react-crud-mui/src/mui/component/table/MdTableWithPagination.test.js","startTime":1704201791175,"status":"passed","summary":""},{"assertionResults":[{"ancestorTitles":["MdChip"],"duration":28,"failureDetails":[],"failureMessages":[],"fullName":"MdChip Given MdChip when its mount then ButtonGroup is shown","invocations":1,"location":null,"numPassingAsserts":1,"retryReasons":[],"status":"passed","title":"Given MdChip when its mount then ButtonGroup is shown"}],"endTime":1704201791529,"message":"","name":"/home/docker/project/react-crud-mui/src/mui/component/chip/MdChip.test.js","startTime":1704201791267,"status":"passed","summary":""},{"assertionResults":[{"ancestorTitles":["MdFormAutocomplete"],"duration":27,"failureDetails":[],"failureMessages":[],"fullName":"MdFormAutocomplete Given MdFormAutocomplete when its mount then Autocomplete is shown","invocations":1,"location":null,"numPassingAsserts":1,"retryReasons":[],"status":"passed","title":"Given MdFormAutocomplete when its mount then Autocomplete is shown"}],"endTime":1704201791624,"message":"","name":"/home/docker/project/react-crud-mui/src/mui/component/form/autocomplete/MdFormAutocomplete.test.js","startTime":1704201791363,"status":"passed","summary":""},{"assertionResults":[{"ancestorTitles":["MdTypo"],"duration":12,"failureDetails":[],"failureMessages":[],"fullName":"MdTypo Given MdTypo when its mount then ButtonGroup is shown","invocations":1,"location":null,"numPassingAsserts":1,"retryReasons":[],"status":"passed","title":"Given MdTypo when its mount then ButtonGroup is shown"}],"endTime":1704201791670,"message":"","name":"/home/docker/project/react-crud-mui/src/mui/component/typo/MdTypo.test.js","startTime":1704201791440,"status":"passed","summary":""},{"assertionResults":[{"ancestorTitles":["useLocationHistory"],"duration":17,"failureDetails":[],"failureMessages":[],"fullName":"useLocationHistory Given useLocationHistory when location is / then dispatch is called","invocations":1,"location":null,"numPassingAsserts":1,"retryReasons":[],"status":"passed","title":"Given useLocationHistory when location is / then dispatch is called"},{"ancestorTitles":["useLocationHistory"],"duration":3,"failureDetails":[],"failureMessages":[],"fullName":"useLocationHistory Given useLocationHistory when location is /apd/param then dispatch is called twice","invocations":1,"location":null,"numPassingAsserts":1,"retryReasons":[],"status":"passed","title":"Given useLocationHistory when location is /apd/param then dispatch is called twice"}],"endTime":1704201791805,"message":"","name":"/home/docker/project/react-crud-mui/src/hook/location/useLocationHistory.test.js","startTime":1704201791546,"status":"passed","summary":""},{"assertionResults":[{"ancestorTitles":["MdThemeProvider"],"duration":12,"failureDetails":[],"failureMessages":[],"fullName":"MdThemeProvider Given MdThemeProvider when its mount then ThemeProvider is shown","invocations":1,"location":null,"numPassingAsserts":1,"retryReasons":[],"status":"passed","title":"Given MdThemeProvider when its mount then ThemeProvider is shown"}],"endTime":1704201791862,"message":"","name":"/home/docker/project/react-crud-mui/src/mui/component/theme/MdThemeProvider.test.js","startTime":1704201791631,"status":"passed","summary":""},{"assertionResults":[{"ancestorTitles":["MdInfiniteScrool"],"duration":29,"failureDetails":[],"failureMessages":[],"fullName":"MdInfiniteScrool Given MdInfiniteScrool When its mount Then LinearProgress is shown","invocations":1,"location":null,"numPassingAsserts":1,"retryReasons":[],"status":"passed","title":"Given MdInfiniteScrool When its mount Then LinearProgress is shown"}],"endTime":1704201791914,"message":"","name":"/home/docker/project/react-crud-mui/src/mui/component/infinite-scroll/MdInfiniteScrool.test.js","startTime":1704201791678,"status":"passed","summary":""},{"assertionResults":[{"ancestorTitles":["ShowPage"],"duration":29,"failureDetails":[],"failureMessages":[],"fullName":"ShowPage Given ShowPage when its mount then ButtonGroup is shown","invocations":1,"location":null,"numPassingAsserts":1,"retryReasons":[],"status":"passed","title":"Given ShowPage when its mount then ButtonGroup is shown"}],"endTime":1704201792060,"message":"","name":"/home/docker/project/react-crud-mui/src/mui/page/ShowPage.test.js","startTime":1704201791829,"status":"passed","summary":""},{"assertionResults":[{"ancestorTitles":["SuspenceLoader"],"duration":11,"failureDetails":[],"failureMessages":[],"fullName":"SuspenceLoader Give SuspenceLoader When component is mount Then loader class name is found","invocations":1,"location":null,"numPassingAsserts":1,"retryReasons":[],"status":"passed","title":"Give SuspenceLoader When component is mount Then loader class name is found"}],"endTime":1704201792111,"message":"","name":"/home/docker/project/react-crud-mui/src/suspence/SuspenceLoader.test.js","startTime":1704201791872,"status":"passed","summary":""},{"assertionResults":[{"ancestorTitles":["LoginGoogle"],"duration":27,"failureDetails":[],"failureMessages":[],"fullName":"LoginGoogle Given LoginGoogle when its mount then ","invocations":1,"location":null,"numPassingAsserts":1,"retryReasons":[],"status":"passed","title":"Given LoginGoogle when its mount then "}],"endTime":1704201792208,"message":"","name":"/home/docker/project/react-crud-mui/src/module/auth/page/login/google/LoginGoogle.test.js","startTime":1704201791923,"status":"passed","summary":""},{"assertionResults":[{"ancestorTitles":["useHandleKey"],"duration":38,"failureDetails":[],"failureMessages":[],"fullName":"useHandleKey Given useHandleKey when key is Escape then callback is called","invocations":1,"location":null,"numPassingAsserts":1,"retryReasons":[],"status":"passed","title":"Given useHandleKey when key is Escape then callback is called"},{"ancestorTitles":["useHandleKey"],"duration":2,"failureDetails":[],"failureMessages":[],"fullName":"useHandleKey Given useHandleKey when there is no key then callback is not called","invocations":1,"location":null,"numPassingAsserts":1,"retryReasons":[],"status":"passed","title":"Given useHandleKey when there is no key then callback is not called"}],"endTime":1704201792314,"message":"","name":"/home/docker/project/react-crud-mui/src/hook/handle/useHandleKey.test.js","startTime":1704201792070,"status":"passed","summary":""},{"assertionResults":[{"ancestorTitles":["MdAvatar"],"duration":22,"failureDetails":[],"failureMessages":[],"fullName":"MdAvatar Given MdAvatar when its mount then Avatar is shown","invocations":1,"location":null,"numPassingAsserts":1,"retryReasons":[],"status":"passed","title":"Given MdAvatar when its mount then Avatar is shown"},{"ancestorTitles":["MdAvatar"],"duration":4,"failureDetails":[],"failureMessages":[],"fullName":"MdAvatar Given MdAvatar when its mount then Avatar is shown","invocations":1,"location":null,"numPassingAsserts":1,"retryReasons":[],"status":"passed","title":"Given MdAvatar when its mount then Avatar is shown"}],"endTime":1704201792376,"message":"","name":"/home/docker/project/react-crud-mui/src/mui/component/avatar/MdAvatar.test.js","startTime":1704201792118,"status":"passed","summary":""},{"assertionResults":[{"ancestorTitles":["CrudPage"],"duration":18,"failureDetails":[],"failureMessages":[],"fullName":"CrudPage Given CrudPage when its mount then ButtonGroup is shown","invocations":1,"location":null,"numPassingAsserts":1,"retryReasons":[],"status":"passed","title":"Given CrudPage when its mount then ButtonGroup is shown"}],"endTime":1704201792615,"message":"","name":"/home/docker/project/react-crud-mui/src/mui/page/CrudPage.test.js","startTime":1704201792215,"status":"passed","summary":""},{"assertionResults":[{"ancestorTitles":["MdToolbar"],"duration":17,"failureDetails":[],"failureMessages":[],"fullName":"MdToolbar Given MdToolbar when its mount then Toolbar is shown","invocations":1,"location":null,"numPassingAsserts":1,"retryReasons":[],"status":"passed","title":"Given MdToolbar when its mount then Toolbar is shown"}],"endTime":1704201792705,"message":"","name":"/home/docker/project/react-crud-mui/src/mui/component/toolbar/MdToolbar.test.js","startTime":1704201792393,"status":"passed","summary":""},{"assertionResults":[{"ancestorTitles":["MdFab"],"duration":29,"failureDetails":[],"failureMessages":[],"fullName":"MdFab Given MdFab when its mount then ButtonGroup is shown","invocations":1,"location":null,"numPassingAsserts":1,"retryReasons":[],"status":"passed","title":"Given MdFab when its mount then ButtonGroup is shown"}],"endTime":1704201792719,"message":"","name":"/home/docker/project/react-crud-mui/src/mui/component/fab/MdFab.test.js","startTime":1704201792322,"status":"passed","summary":""},{"assertionResults":[{"ancestorTitles":["useMdNavigate"],"duration":11,"failureDetails":[],"failureMessages":[],"fullName":"useMdNavigate Given useMdNavigate When its mmount Then ","invocations":1,"location":null,"numPassingAsserts":0,"retryReasons":[],"status":"passed","title":"Given useMdNavigate When its mmount Then "}],"endTime":1704201792962,"message":"","name":"/home/docker/project/react-crud-mui/src/hook/navigate/useMdNavigate.test.js","startTime":1704201792627,"status":"passed","summary":""},{"assertionResults":[{"ancestorTitles":["ShowMessage"],"duration":20,"failureDetails":[],"failureMessages":[],"fullName":"ShowMessage Given ShowMessage when its mount then Table is shown","invocations":1,"location":null,"numPassingAsserts":1,"retryReasons":[],"status":"passed","title":"Given ShowMessage when its mount then Table is shown"}],"endTime":1704201793148,"message":"","name":"/home/docker/project/react-crud-mui/src/mui/component/snackbar/ShowMessage.test.js","startTime":1704201792734,"status":"passed","summary":""},{"assertionResults":[{"ancestorTitles":["useClickOutside"],"duration":21,"failureDetails":[],"failureMessages":[],"fullName":"useClickOutside Given useClickOutside When click outside Then close method is called","invocations":1,"location":null,"numPassingAsserts":2,"retryReasons":[],"status":"passed","title":"Given useClickOutside When click outside Then close method is called"}],"endTime":1704201793149,"message":"","name":"/home/docker/project/react-crud-mui/src/hook/click/useClickOutside.test.js","startTime":1704201792732,"status":"passed","summary":""},{"assertionResults":[{"ancestorTitles":["UserService"],"duration":4,"failureDetails":[],"failureMessages":[],"fullName":"UserService Given UserService when getPublicContent then ApiService is called","invocations":1,"location":null,"numPassingAsserts":1,"retryReasons":[],"status":"passed","title":"Given UserService when getPublicContent then ApiService is called"},{"ancestorTitles":["UserService"],"duration":1,"failureDetails":[],"failureMessages":[],"fullName":"UserService Given UserService when loadUsers then ApiService is called","invocations":1,"location":null,"numPassingAsserts":1,"retryReasons":[],"status":"passed","title":"Given UserService when loadUsers then ApiService is called"},{"ancestorTitles":["UserService"],"duration":2,"failureDetails":[],"failureMessages":[],"fullName":"UserService Given UserService when countUsers then ApiService is called","invocations":1,"location":null,"numPassingAsserts":1,"retryReasons":[],"status":"passed","title":"Given UserService when countUsers then ApiService is called"},{"ancestorTitles":["UserService"],"duration":1,"failureDetails":[],"failureMessages":[],"fullName":"UserService Given UserService when loadUser then ApiService is called","invocations":1,"location":null,"numPassingAsserts":1,"retryReasons":[],"status":"passed","title":"Given UserService when loadUser then ApiService is called"},{"ancestorTitles":["UserService"],"duration":2,"failureDetails":[],"failureMessages":[],"fullName":"UserService Given UserService when create then ApiService is called","invocations":1,"location":null,"numPassingAsserts":1,"retryReasons":[],"status":"passed","title":"Given UserService when create then ApiService is called"},{"ancestorTitles":["UserService"],"duration":1,"failureDetails":[],"failureMessages":[],"fullName":"UserService Given UserService when update then ApiService is called","invocations":1,"location":null,"numPassingAsserts":1,"retryReasons":[],"status":"passed","title":"Given UserService when update then ApiService is called"}],"endTime":1704201793516,"message":"","name":"/home/docker/project/react-crud-mui/src/module/user/service/UserService.test.js","startTime":1704201793271,"status":"passed","summary":""},{"assertionResults":[{"ancestorTitles":["MdFormSelect"],"duration":40,"failureDetails":[],"failureMessages":[],"fullName":"MdFormSelect Given MdFormSelect when its mount then select is shown","invocations":1,"location":null,"numPassingAsserts":1,"retryReasons":[],"status":"passed","title":"Given MdFormSelect when its mount then select is shown"}],"endTime":1704201793558,"message":"","name":"/home/docker/project/react-crud-mui/src/mui/component/form/select/MdFormSelect.test.js","startTime":1704201792972,"status":"passed","summary":""},{"assertionResults":[{"ancestorTitles":["useThemeSelector"],"duration":84,"failureDetails":[],"failureMessages":[],"fullName":"useThemeSelector Given useThemeSelector When click on theme Then container is visible","invocations":1,"location":null,"numPassingAsserts":2,"retryReasons":[],"status":"passed","title":"Given useThemeSelector When click on theme Then container is visible"}],"endTime":1704201793742,"message":"","name":"/home/docker/project/react-crud-mui/src/hook/theme/useThemeSelector.test.js","startTime":1704201793198,"status":"passed","summary":""},{"assertionResults":[{"ancestorTitles":["MdFormCheckbox"],"duration":19,"failureDetails":[],"failureMessages":[],"fullName":"MdFormCheckbox Given MdFormCheckbox when its mount then Checkbox is shown","invocations":1,"location":null,"numPassingAsserts":1,"retryReasons":[],"status":"passed","title":"Given MdFormCheckbox when its mount then Checkbox is shown"}],"endTime":1704201794153,"message":"","name":"/home/docker/project/react-crud-mui/src/mui/component/form/checkbox/MdFormCheckbox.test.js","startTime":1704201793542,"status":"passed","summary":""},{"assertionResults":[{"ancestorTitles":["MdBox"],"duration":21,"failureDetails":[],"failureMessages":[],"fullName":"MdBox Given MdBox when its mount then Box is shown","invocations":1,"location":null,"numPassingAsserts":1,"retryReasons":[],"status":"passed","title":"Given MdBox when its mount then Box is shown"}],"endTime":1704201794239,"message":"","name":"/home/docker/project/react-crud-mui/src/mui/component/box/MdBox.test.js","startTime":1704201793572,"status":"passed","summary":""},{"assertionResults":[{"ancestorTitles":["ApiCrudService"],"duration":1,"failureDetails":[],"failureMessages":[],"fullName":"ApiCrudService Given ApiCrudService when createOrUpdate then ApiService is called","invocations":1,"location":null,"numPassingAsserts":1,"retryReasons":[],"status":"passed","title":"Given ApiCrudService when createOrUpdate then ApiService is called"},{"ancestorTitles":["ApiCrudService"],"duration":0,"failureDetails":[],"failureMessages":[],"fullName":"ApiCrudService Given ApiCrudService when createOrUpdate then ApiService is called","invocations":1,"location":null,"numPassingAsserts":1,"retryReasons":[],"status":"passed","title":"Given ApiCrudService when createOrUpdate then ApiService is called"}],"endTime":1704201794416,"message":"","name":"/home/docker/project/react-crud-mui/src/api/service/crud/ApiCrudService.test.js","startTime":1704201794164,"status":"passed","summary":""},{"assertionResults":[{"ancestorTitles":["useCustomFormUpload"],"duration":110,"failureDetails":[],"failureMessages":[],"fullName":"useCustomFormUpload Given useCustomFormUpload when uploadImage then ApiService is called","invocations":1,"location":null,"numPassingAsserts":1,"retryReasons":[],"status":"passed","title":"Given useCustomFormUpload when uploadImage then ApiService is called"}],"endTime":1704201794414,"message":"","name":"/home/docker/project/react-crud-mui/src/module/custom/form/hook/useCustomFormUpload.test.js","startTime":1704201793758,"status":"passed","summary":""},{"assertionResults":[{"ancestorTitles":["AuthService"],"duration":1,"failureDetails":[],"failureMessages":[],"fullName":"AuthService Given AuthService when register then ApiService is called","invocations":1,"location":null,"numPassingAsserts":1,"retryReasons":[],"status":"passed","title":"Given AuthService when register then ApiService is called"},{"ancestorTitles":["AuthService"],"duration":0,"failureDetails":[],"failureMessages":[],"fullName":"AuthService Given AuthService when login then ApiService is called","invocations":1,"location":null,"numPassingAsserts":1,"retryReasons":[],"status":"passed","title":"Given AuthService when login then ApiService is called"},{"ancestorTitles":["AuthService"],"duration":0,"failureDetails":[],"failureMessages":[],"fullName":"AuthService Given AuthService when activation then ApiService is called","invocations":1,"location":null,"numPassingAsserts":1,"retryReasons":[],"status":"passed","title":"Given AuthService when activation then ApiService is called"},{"ancestorTitles":["AuthService"],"duration":0,"failureDetails":[],"failureMessages":[],"fullName":"AuthService Given AuthService when checkIdentityToken then ApiService is called","invocations":1,"location":null,"numPassingAsserts":1,"retryReasons":[],"status":"passed","title":"Given AuthService when checkIdentityToken then ApiService is called"},{"ancestorTitles":["AuthService"],"duration":0,"failureDetails":[],"failureMessages":[],"fullName":"AuthService Given AuthService when resetPassword then ApiService is called","invocations":1,"location":null,"numPassingAsserts":1,"retryReasons":[],"status":"passed","title":"Given AuthService when resetPassword then ApiService is called"},{"ancestorTitles":["AuthService"],"duration":1,"failureDetails":[],"failureMessages":[],"fullName":"AuthService Given AuthService when googleConnect then ApiService is called","invocations":1,"location":null,"numPassingAsserts":1,"retryReasons":[],"status":"passed","title":"Given AuthService when googleConnect then ApiService is called"},{"ancestorTitles":["AuthService"],"duration":0,"failureDetails":[],"failureMessages":[],"fullName":"AuthService Given AuthService when facebookConnect then ApiService is called","invocations":1,"location":null,"numPassingAsserts":1,"retryReasons":[],"status":"passed","title":"Given AuthService when facebookConnect then ApiService is called"},{"ancestorTitles":["AuthService"],"duration":0,"failureDetails":[],"failureMessages":[],"fullName":"AuthService Given AuthService when logout then ApiService is called","invocations":1,"location":null,"numPassingAsserts":0,"retryReasons":[],"status":"passed","title":"Given AuthService when logout then ApiService is called"}],"endTime":1704201794549,"message":"","name":"/home/docker/project/react-crud-mui/src/module/auth/service/AuthService.test.js","startTime":1704201794425,"status":"passed","summary":""},{"assertionResults":[{"ancestorTitles":["ProfileService"],"duration":2,"failureDetails":[],"failureMessages":[],"fullName":"ProfileService Given ProfileService when loadRoles then ApiService is called","invocations":1,"location":null,"numPassingAsserts":1,"retryReasons":[],"status":"passed","title":"Given ProfileService when loadRoles then ApiService is called"},{"ancestorTitles":["ProfileService"],"duration":0,"failureDetails":[],"failureMessages":[],"fullName":"ProfileService Given ProfileService when countRoles then ApiService is called","invocations":1,"location":null,"numPassingAsserts":1,"retryReasons":[],"status":"passed","title":"Given ProfileService when countRoles then ApiService is called"},{"ancestorTitles":["ProfileService"],"duration":1,"failureDetails":[],"failureMessages":[],"fullName":"ProfileService Given ProfileService when loadRole then ApiService is called","invocations":1,"location":null,"numPassingAsserts":1,"retryReasons":[],"status":"passed","title":"Given ProfileService when loadRole then ApiService is called"},{"ancestorTitles":["ProfileService"],"duration":1,"failureDetails":[],"failureMessages":[],"fullName":"ProfileService Given ProfileService when create then ApiService is called","invocations":1,"location":null,"numPassingAsserts":1,"retryReasons":[],"status":"passed","title":"Given ProfileService when create then ApiService is called"},{"ancestorTitles":["ProfileService"],"duration":0,"failureDetails":[],"failureMessages":[],"fullName":"ProfileService Given ProfileService when update then ApiService is called","invocations":1,"location":null,"numPassingAsserts":1,"retryReasons":[],"status":"passed","title":"Given ProfileService when update then ApiService is called"}],"endTime":1704201794583,"message":"","name":"/home/docker/project/react-crud-mui/src/module/user/service/ProfileService.test.js","startTime":1704201794442,"status":"passed","summary":""},{"assertionResults":[{"ancestorTitles":["i18n"],"duration":3,"failureDetails":[],"failureMessages":[],"fullName":"i18n Given Trans from i18n When component is mount Then he is find in the DOM","invocations":1,"location":null,"numPassingAsserts":1,"retryReasons":[],"status":"passed","title":"Given Trans from i18n When component is mount Then he is find in the DOM"}],"endTime":1704201794638,"message":"","name":"/home/docker/project/react-crud-mui/src/i18n/i18.test.js","startTime":1704201794249,"status":"passed","summary":""},{"assertionResults":[{"ancestorTitles":["AuthReducers"],"duration":2,"failureDetails":[],"failureMessages":[],"fullName":"AuthReducers Given AuthReducers when setLoginSuccess then state is merged","invocations":1,"location":null,"numPassingAsserts":1,"retryReasons":[],"status":"passed","title":"Given AuthReducers when setLoginSuccess then state is merged"},{"ancestorTitles":["AuthReducers"],"duration":0,"failureDetails":[],"failureMessages":[],"fullName":"AuthReducers Given AuthReducers when setLoginSuccess then state is merged","invocations":1,"location":null,"numPassingAsserts":1,"retryReasons":[],"status":"passed","title":"Given AuthReducers when setLoginSuccess then state is merged"}],"endTime":1704201794683,"message":"","name":"/home/docker/project/react-crud-mui/src/module/auth/reducer/AuthReducers.test.js","startTime":1704201794556,"status":"passed","summary":""},{"assertionResults":[{"ancestorTitles":["NewsReducers"],"duration":5,"failureDetails":[],"failureMessages":[],"fullName":"NewsReducers Given NewsReducers when setLoginSuccess then state is merged","invocations":1,"location":null,"numPassingAsserts":1,"retryReasons":[],"status":"passed","title":"Given NewsReducers when setLoginSuccess then state is merged"}],"endTime":1704201794756,"message":"","name":"/home/docker/project/react-crud-mui/src/module/news/reducer/NewsReducers.test.js","startTime":1704201794601,"status":"passed","summary":""},{"assertionResults":[{"ancestorTitles":["StorageUtils setCurrentUser"],"duration":3,"failureDetails":[],"failureMessages":[],"fullName":"StorageUtils setCurrentUser Given StorageUtils When current user is set Then localstorage is called","invocations":1,"location":null,"numPassingAsserts":1,"retryReasons":[],"status":"passed","title":"Given StorageUtils When current user is set Then localstorage is called"},{"ancestorTitles":["StorageUtils removeCurrentUser"],"duration":1,"failureDetails":[],"failureMessages":[],"fullName":"StorageUtils removeCurrentUser Given StorageUtils When current user is removed Then localstorage is called","invocations":1,"location":null,"numPassingAsserts":1,"retryReasons":[],"status":"passed","title":"Given StorageUtils When current user is removed Then localstorage is called"},{"ancestorTitles":["storage getCurrentUser"],"duration":1,"failureDetails":[],"failureMessages":[],"fullName":"storage getCurrentUser Given Storage When current user is get Then localstorage is called","invocations":1,"location":null,"numPassingAsserts":2,"retryReasons":[],"status":"passed","title":"Given Storage When current user is get Then localstorage is called"},{"ancestorTitles":["storage getCurrentUser"],"duration":0,"failureDetails":[],"failureMessages":[],"fullName":"storage getCurrentUser Given StorageUtils When current user is get with data Then localstorage is called","invocations":1,"location":null,"numPassingAsserts":2,"retryReasons":[],"status":"passed","title":"Given StorageUtils When current user is get with data Then localstorage is called"},{"ancestorTitles":["storage getCurrentUser"],"duration":1,"failureDetails":[],"failureMessages":[],"fullName":"storage getCurrentUser Given StorageUtils When current user is get with wrong data Then localstorage is in error","invocations":1,"location":null,"numPassingAsserts":2,"retryReasons":[],"status":"passed","title":"Given StorageUtils When current user is get with wrong data Then localstorage is in error"},{"ancestorTitles":["StorageUtils getJwt"],"duration":1,"failureDetails":[],"failureMessages":[],"fullName":"StorageUtils getJwt Given StorageUtils When jwt is get with data Then localstorage is called","invocations":1,"location":null,"numPassingAsserts":2,"retryReasons":[],"status":"passed","title":"Given StorageUtils When jwt is get with data Then localstorage is called"},{"ancestorTitles":["StorageUtils getJwt"],"duration":0,"failureDetails":[],"failureMessages":[],"fullName":"StorageUtils getJwt Given StorageUtils When empty current user Then jwt is empty","invocations":1,"location":null,"numPassingAsserts":2,"retryReasons":[],"status":"passed","title":"Given StorageUtils When empty current user Then jwt is empty"}],"endTime":1704201794784,"message":"","name":"/home/docker/project/react-crud-mui/src/utils/storage/StorageUtils.test.js","startTime":1704201794650,"status":"passed","summary":""},{"assertionResults":[{"ancestorTitles":["ApiService - get"],"duration":3,"failureDetails":[],"failureMessages":[],"fullName":"ApiService - get HTTP GET ","invocations":1,"location":null,"numPassingAsserts":2,"retryReasons":[],"status":"passed","title":"HTTP GET "},{"ancestorTitles":["ApiService - get"],"duration":1,"failureDetails":[],"failureMessages":[],"fullName":"ApiService - get HTTP GET WITHOUT HEADER WITH ERROR","invocations":1,"location":null,"numPassingAsserts":2,"retryReasons":[],"status":"passed","title":"HTTP GET WITHOUT HEADER WITH ERROR"},{"ancestorTitles":["ApiService - put"],"duration":0,"failureDetails":[],"failureMessages":[],"fullName":"ApiService - put HTTP PUT WITHOUT HEADER","invocations":1,"location":null,"numPassingAsserts":2,"retryReasons":[],"status":"passed","title":"HTTP PUT WITHOUT HEADER"},{"ancestorTitles":["ApiService - put"],"duration":1,"failureDetails":[],"failureMessages":[],"fullName":"ApiService - put HTTP PUT WITHOUT HEADER WITH ERROR","invocations":1,"location":null,"numPassingAsserts":2,"retryReasons":[],"status":"passed","title":"HTTP PUT WITHOUT HEADER WITH ERROR"},{"ancestorTitles":["ApiService - patch"],"duration":1,"failureDetails":[],"failureMessages":[],"fullName":"ApiService - patch HTTP PATCH WITHOUT HEADER","invocations":1,"location":null,"numPassingAsserts":2,"retryReasons":[],"status":"passed","title":"HTTP PATCH WITHOUT HEADER"},{"ancestorTitles":["ApiService - patch"],"duration":0,"failureDetails":[],"failureMessages":[],"fullName":"ApiService - patch HTTP PATCH WITHOUT HEADER WITH ERROR","invocations":1,"location":null,"numPassingAsserts":2,"retryReasons":[],"status":"passed","title":"HTTP PATCH WITHOUT HEADER WITH ERROR"},{"ancestorTitles":["ApiService - post"],"duration":0,"failureDetails":[],"failureMessages":[],"fullName":"ApiService - post HTTP POST WITHOUT HEADER","invocations":1,"location":null,"numPassingAsserts":2,"retryReasons":[],"status":"passed","title":"HTTP POST WITHOUT HEADER"},{"ancestorTitles":["ApiService - post"],"duration":1,"failureDetails":[],"failureMessages":[],"fullName":"ApiService - post HTTP POST WITHOUT HEADER WITH ERROR","invocations":1,"location":null,"numPassingAsserts":2,"retryReasons":[],"status":"passed","title":"HTTP POST WITHOUT HEADER WITH ERROR"},{"ancestorTitles":["ApiService - findBy"],"duration":0,"failureDetails":[],"failureMessages":[],"fullName":"ApiService - findBy HTTP GET ","invocations":1,"location":null,"numPassingAsserts":2,"retryReasons":[],"status":"passed","title":"HTTP GET "},{"ancestorTitles":["ApiService - findBy"],"duration":0,"failureDetails":[],"failureMessages":[],"fullName":"ApiService - findBy HTTP GET ","invocations":1,"location":null,"numPassingAsserts":2,"retryReasons":[],"status":"passed","title":"HTTP GET "},{"ancestorTitles":["ApiService - findBy"],"duration":0,"failureDetails":[],"failureMessages":[],"fullName":"ApiService - findBy HTTP GET ","invocations":1,"location":null,"numPassingAsserts":2,"retryReasons":[],"status":"passed","title":"HTTP GET "},{"ancestorTitles":["ApiService - findBy"],"duration":0,"failureDetails":[],"failureMessages":[],"fullName":"ApiService - findBy HTTP GET WITHOUT HEADER WITH ERROR","invocations":1,"location":null,"numPassingAsserts":1,"retryReasons":[],"status":"passed","title":"HTTP GET WITHOUT HEADER WITH ERROR"},{"ancestorTitles":["ApiService - countBy"],"duration":1,"failureDetails":[],"failureMessages":[],"fullName":"ApiService - countBy HTTP countBy ","invocations":1,"location":null,"numPassingAsserts":2,"retryReasons":[],"status":"passed","title":"HTTP countBy "},{"ancestorTitles":["ApiService - countBy"],"duration":0,"failureDetails":[],"failureMessages":[],"fullName":"ApiService - countBy HTTP countBy WITHOUT HEADER WITH ERROR","invocations":1,"location":null,"numPassingAsserts":1,"retryReasons":[],"status":"passed","title":"HTTP countBy WITHOUT HEADER WITH ERROR"},{"ancestorTitles":["ApiService - findById"],"duration":1,"failureDetails":[],"failureMessages":[],"fullName":"ApiService - findById HTTP countBy ","invocations":1,"location":null,"numPassingAsserts":2,"retryReasons":[],"status":"passed","title":"HTTP countBy "},{"ancestorTitles":["ApiService - findById"],"duration":0,"failureDetails":[],"failureMessages":[],"fullName":"ApiService - findById HTTP countBy WITHOUT HEADER WITH ERROR","invocations":1,"location":null,"numPassingAsserts":1,"retryReasons":[],"status":"passed","title":"HTTP countBy WITHOUT HEADER WITH ERROR"},{"ancestorTitles":["ApiService - delete"],"duration":130,"failureDetails":[],"failureMessages":[],"fullName":"ApiService - delete HTTP delete ","invocations":1,"location":null,"numPassingAsserts":2,"retryReasons":[],"status":"passed","title":"HTTP delete "},{"ancestorTitles":["ApiService - delete"],"duration":1,"failureDetails":[],"failureMessages":[],"fullName":"ApiService - delete HTTP delete WITHOUT HEADER WITH ERROR","invocations":1,"location":null,"numPassingAsserts":2,"retryReasons":[],"status":"passed","title":"HTTP delete WITHOUT HEADER WITH ERROR"}],"endTime":1704201794981,"message":"","name":"/home/docker/project/react-crud-mui/src/api/service/ApiService.test.js","startTime":1704201794692,"status":"passed","summary":""},{"assertionResults":[{"ancestorTitles":["UUID UTILS - "],"duration":2,"failureDetails":[],"failureMessages":[],"fullName":"UUID UTILS -  Given UuidUtils When createUUID is called Then return an generated uuid","invocations":1,"location":null,"numPassingAsserts":1,"retryReasons":[],"status":"passed","title":"Given UuidUtils When createUUID is called Then return an generated uuid"}],"endTime":1704201795023,"message":"","name":"/home/docker/project/react-crud-mui/src/utils/uuid/UuidUtils.test.js","startTime":1704201794795,"status":"passed","summary":""},{"assertionResults":[{"ancestorTitles":["AdminReducer"],"duration":8,"failureDetails":[],"failureMessages":[],"fullName":"AdminReducer Given AdminReducer when setState then state is merged","invocations":1,"location":null,"numPassingAsserts":1,"retryReasons":[],"status":"passed","title":"Given AdminReducer when setState then state is merged"},{"ancestorTitles":["AdminReducer"],"duration":1,"failureDetails":[],"failureMessages":[],"fullName":"AdminReducer Given AdminReducer when setDatas then state is merged","invocations":1,"location":null,"numPassingAsserts":1,"retryReasons":[],"status":"passed","title":"Given AdminReducer when setDatas then state is merged"},{"ancestorTitles":["AdminReducer"],"duration":2,"failureDetails":[],"failureMessages":[],"fullName":"AdminReducer Given AdminReducer when setCount then state is merged","invocations":1,"location":null,"numPassingAsserts":1,"retryReasons":[],"status":"passed","title":"Given AdminReducer when setCount then state is merged"},{"ancestorTitles":["AdminReducer"],"duration":3,"failureDetails":[],"failureMessages":[],"fullName":"AdminReducer Given AdminReducer when setData then state is merged","invocations":1,"location":null,"numPassingAsserts":1,"retryReasons":[],"status":"passed","title":"Given AdminReducer when setData then state is merged"},{"ancestorTitles":["AdminReducer"],"duration":1,"failureDetails":[],"failureMessages":[],"fullName":"AdminReducer Given AdminReducer when setFilter then state is merged","invocations":1,"location":null,"numPassingAsserts":1,"retryReasons":[],"status":"passed","title":"Given AdminReducer when setFilter then state is merged"},{"ancestorTitles":["AdminReducer"],"duration":3,"failureDetails":[],"failureMessages":[],"fullName":"AdminReducer Given AdminReducer when setPage then state is merged","invocations":1,"location":null,"numPassingAsserts":1,"retryReasons":[],"status":"passed","title":"Given AdminReducer when setPage then state is merged"}],"endTime":1704201795026,"message":"","name":"/home/docker/project/react-crud-mui/src/module/admin/reducer/AdminReducer.test.js","startTime":1704201794767,"status":"passed","summary":""},{"assertionResults":[{"ancestorTitles":["YUP UTILS - REQUIRED"],"duration":4,"failureDetails":[],"failureMessages":[],"fullName":"YUP UTILS - REQUIRED Given Json Datas When data is required and there is no Value Then Yup Schema is not valid","invocations":1,"location":null,"numPassingAsserts":1,"retryReasons":[],"status":"passed","title":"Given Json Datas When data is required and there is no Value Then Yup Schema is not valid"},{"ancestorTitles":["YUP UTILS - email"],"duration":2,"failureDetails":[],"failureMessages":[],"fullName":"YUP UTILS - email Given Json Datas When data is not email Then Yup Schema is not valid","invocations":1,"location":null,"numPassingAsserts":1,"retryReasons":[],"status":"passed","title":"Given Json Datas When data is not email Then Yup Schema is not valid"},{"ancestorTitles":["YUP UTILS - regexp"],"duration":1,"failureDetails":[],"failureMessages":[],"fullName":"YUP UTILS - regexp Given Json Datas When data is not email Then Yup Schema is not valid","invocations":1,"location":null,"numPassingAsserts":1,"retryReasons":[],"status":"passed","title":"Given Json Datas When data is not email Then Yup Schema is not valid"},{"ancestorTitles":["YUP UTILS - min"],"duration":65,"failureDetails":[],"failureMessages":[],"fullName":"YUP UTILS - min Given Json Datas When data length is short Then Yup Schema is not valid","invocations":1,"location":null,"numPassingAsserts":1,"retryReasons":[],"status":"passed","title":"Given Json Datas When data length is short Then Yup Schema is not valid"},{"ancestorTitles":["YUP UTILS - max"],"duration":2,"failureDetails":[],"failureMessages":[],"fullName":"YUP UTILS - max Given Json Datas When data length is too long Then Yup Schema is not valid","invocations":1,"location":null,"numPassingAsserts":1,"retryReasons":[],"status":"passed","title":"Given Json Datas When data length is too long Then Yup Schema is not valid"},{"ancestorTitles":["YUP UTILS - same"],"duration":2,"failureDetails":[],"failureMessages":[],"fullName":"YUP UTILS - same Given Json Datas are not the same Then Yup Schema is not valid","invocations":1,"location":null,"numPassingAsserts":1,"retryReasons":[],"status":"passed","title":"Given Json Datas are not the same Then Yup Schema is not valid"},{"ancestorTitles":["YUP UTILS - same"],"duration":1,"failureDetails":[],"failureMessages":[],"fullName":"YUP UTILS - same Given Json Datas are not the same Then Yup Schema is not valid","invocations":1,"location":null,"numPassingAsserts":1,"retryReasons":[],"status":"passed","title":"Given Json Datas are not the same Then Yup Schema is not valid"},{"ancestorTitles":["YUP UTILS - listId"],"duration":1,"failureDetails":[],"failureMessages":[],"fullName":"YUP UTILS - listId Given Json Datas are not the same Then Yup Schema is not valid","invocations":1,"location":null,"numPassingAsserts":1,"retryReasons":[],"status":"passed","title":"Given Json Datas are not the same Then Yup Schema is not valid"},{"ancestorTitles":["YUP UTILS - listId requiredWhen"],"duration":5,"failureDetails":[],"failureMessages":[],"fullName":"YUP UTILS - listId requiredWhen Given Json Datas are not the same Then Yup Schema is not valid","invocations":1,"location":null,"numPassingAsserts":1,"retryReasons":[],"status":"passed","title":"Given Json Datas are not the same Then Yup Schema is not valid"},{"ancestorTitles":["YUP UTILS - listId requiredWhen string"],"duration":1,"failureDetails":[],"failureMessages":[],"fullName":"YUP UTILS - listId requiredWhen string Given Json Datas are not the same Then Yup Schema is not valid","invocations":1,"location":null,"numPassingAsserts":1,"retryReasons":[],"status":"passed","title":"Given Json Datas are not the same Then Yup Schema is not valid"}],"endTime":1704201795203,"message":"","name":"/home/docker/project/react-crud-mui/src/utils/yup/YupUtils.test.js","startTime":1704201794998,"status":"passed","summary":""},{"assertionResults":[{"ancestorTitles":["BASE REDUCER"],"duration":5,"failureDetails":[],"failureMessages":[],"fullName":"BASE REDUCER Given ReducersActions When setDatas Then datas from state are update","invocations":1,"location":null,"numPassingAsserts":1,"retryReasons":[],"status":"passed","title":"Given ReducersActions When setDatas Then datas from state are update"},{"ancestorTitles":["BASE REDUCER"],"duration":2,"failureDetails":[],"failureMessages":[],"fullName":"BASE REDUCER Given ReducersActions When addDatas Then datas from state are update","invocations":1,"location":null,"numPassingAsserts":1,"retryReasons":[],"status":"passed","title":"Given ReducersActions When addDatas Then datas from state are update"},{"ancestorTitles":["BASE REDUCER"],"duration":2,"failureDetails":[],"failureMessages":[],"fullName":"BASE REDUCER Given ReducersActions When updataDatas with another id Then datas from state are not update","invocations":1,"location":null,"numPassingAsserts":1,"retryReasons":[],"status":"passed","title":"Given ReducersActions When updataDatas with another id Then datas from state are not update"},{"ancestorTitles":["BASE REDUCER"],"duration":0,"failureDetails":[],"failureMessages":[],"fullName":"BASE REDUCER Given ReducersActions When updataDatas Then datas from state are update","invocations":1,"location":null,"numPassingAsserts":1,"retryReasons":[],"status":"passed","title":"Given ReducersActions When updataDatas Then datas from state are update"},{"ancestorTitles":["BASE REDUCER"],"duration":10,"failureDetails":[],"failureMessages":[],"fullName":"BASE REDUCER Given ReducersActions When setData Then data from state is update","invocations":1,"location":null,"numPassingAsserts":1,"retryReasons":[],"status":"passed","title":"Given ReducersActions When setData Then data from state is update"},{"ancestorTitles":["BASE REDUCER"],"duration":1,"failureDetails":[],"failureMessages":[],"fullName":"BASE REDUCER Given ReducersActions When setCount Then count from state is update","invocations":1,"location":null,"numPassingAsserts":1,"retryReasons":[],"status":"passed","title":"Given ReducersActions When setCount Then count from state is update"},{"ancestorTitles":["BASE REDUCER"],"duration":0,"failureDetails":[],"failureMessages":[],"fullName":"BASE REDUCER Given ReducersActions When setSearch Then search from state is update","invocations":1,"location":null,"numPassingAsserts":1,"retryReasons":[],"status":"passed","title":"Given ReducersActions When setSearch Then search from state is update"},{"ancestorTitles":["BASE REDUCER"],"duration":1,"failureDetails":[],"failureMessages":[],"fullName":"BASE REDUCER Given ReducersActions When setPage Then datas from state is equals to datas","invocations":1,"location":null,"numPassingAsserts":1,"retryReasons":[],"status":"passed","title":"Given ReducersActions When setPage Then datas from state is equals to datas"}],"endTime":1704201795221,"message":"","name":"/home/docker/project/react-crud-mui/src/reducer/BaseReducer.test.js","startTime":1704201795037,"status":"passed","summary":""},{"assertionResults":[{"ancestorTitles":["AdminService"],"duration":3,"failureDetails":[],"failureMessages":[],"fullName":"AdminService Given AdminService when findBy then ApiService is called","invocations":1,"location":null,"numPassingAsserts":1,"retryReasons":[],"status":"passed","title":"Given AdminService when findBy then ApiService is called"},{"ancestorTitles":["AdminService"],"duration":0,"failureDetails":[],"failureMessages":[],"fullName":"AdminService Given AdminService when findById then ApiService is called","invocations":1,"location":null,"numPassingAsserts":1,"retryReasons":[],"status":"passed","title":"Given AdminService when findById then ApiService is called"},{"ancestorTitles":["AdminService"],"duration":1,"failureDetails":[],"failureMessages":[],"fullName":"AdminService Given AdminService when create then ApiService is called","invocations":1,"location":null,"numPassingAsserts":1,"retryReasons":[],"status":"passed","title":"Given AdminService when create then ApiService is called"},{"ancestorTitles":["AdminService"],"duration":1,"failureDetails":[],"failureMessages":[],"fullName":"AdminService Given AdminService when update then ApiService is called","invocations":1,"location":null,"numPassingAsserts":1,"retryReasons":[],"status":"passed","title":"Given AdminService when update then ApiService is called"}],"endTime":1704201795321,"message":"","name":"/home/docker/project/react-crud-mui/src/module/admin/service/AdminService.test.js","startTime":1704201795042,"status":"passed","summary":""},{"assertionResults":[{"ancestorTitles":["NewsService"],"duration":2,"failureDetails":[],"failureMessages":[],"fullName":"NewsService Given NewsService when fetchNews then ApiService is called","invocations":1,"location":null,"numPassingAsserts":1,"retryReasons":[],"status":"passed","title":"Given NewsService when fetchNews then ApiService is called"},{"ancestorTitles":["NewsService"],"duration":0,"failureDetails":[],"failureMessages":[],"fullName":"NewsService Given NewsService when fetchById then ApiService is called","invocations":1,"location":null,"numPassingAsserts":1,"retryReasons":[],"status":"passed","title":"Given NewsService when fetchById then ApiService is called"},{"ancestorTitles":["NewsService"],"duration":1,"failureDetails":[],"failureMessages":[],"fullName":"NewsService Given NewsService when createOrUpdate then ApiService is called","invocations":1,"location":null,"numPassingAsserts":1,"retryReasons":[],"status":"passed","title":"Given NewsService when createOrUpdate then ApiService is called"},{"ancestorTitles":["NewsService"],"duration":0,"failureDetails":[],"failureMessages":[],"fullName":"NewsService Given NewsService when createOrUpdate then ApiService is called","invocations":1,"location":null,"numPassingAsserts":1,"retryReasons":[],"status":"passed","title":"Given NewsService when createOrUpdate then ApiService is called"}],"endTime":1704201795395,"message":"","name":"/home/docker/project/react-crud-mui/src/module/news/service/NewsService.test.js","startTime":1704201795231,"status":"passed","summary":""},{"assertionResults":[{"ancestorTitles":["CommonReducer"],"duration":4,"failureDetails":[],"failureMessages":[],"fullName":"CommonReducer Given CommonReducer When setMessage Then message from state is update","invocations":1,"location":null,"numPassingAsserts":3,"retryReasons":[],"status":"passed","title":"Given CommonReducer When setMessage Then message from state is update"},{"ancestorTitles":["CommonReducer"],"duration":1,"failureDetails":[],"failureMessages":[],"fullName":"CommonReducer Given CommonReducer When setMessageButton Then message button from state is update with default value","invocations":1,"location":null,"numPassingAsserts":4,"retryReasons":[],"status":"passed","title":"Given CommonReducer When setMessageButton Then message button from state is update with default value"},{"ancestorTitles":["CommonReducer"],"duration":1,"failureDetails":[],"failureMessages":[],"fullName":"CommonReducer Given CommonReducer When setMessageButton with a label and an url Then message button from state is update","invocations":1,"location":null,"numPassingAsserts":2,"retryReasons":[],"status":"passed","title":"Given CommonReducer When setMessageButton with a label and an url Then message button from state is update"},{"ancestorTitles":["CommonReducer"],"duration":0,"failureDetails":[],"failureMessages":[],"fullName":"CommonReducer Given CommonReducer When setMessageButton with a an history Then message button from state is update","invocations":1,"location":null,"numPassingAsserts":2,"retryReasons":[],"status":"passed","title":"Given CommonReducer When setMessageButton with a an history Then message button from state is update"},{"ancestorTitles":["CommonReducer"],"duration":1,"failureDetails":[],"failureMessages":[],"fullName":"CommonReducer Given CommonReducer When clearMessage Then message from state is empty","invocations":1,"location":null,"numPassingAsserts":1,"retryReasons":[],"status":"passed","title":"Given CommonReducer When clearMessage Then message from state is empty"},{"ancestorTitles":["CommonReducer"],"duration":0,"failureDetails":[],"failureMessages":[],"fullName":"CommonReducer Given CommonReducer When setLoading Then loading from state is update","invocations":1,"location":null,"numPassingAsserts":1,"retryReasons":[],"status":"passed","title":"Given CommonReducer When setLoading Then loading from state is update"},{"ancestorTitles":["CommonReducer"],"duration":1,"failureDetails":[],"failureMessages":[],"fullName":"CommonReducer Given CommonReducer When setHistory Then history from state is update","invocations":1,"location":null,"numPassingAsserts":1,"retryReasons":[],"status":"passed","title":"Given CommonReducer When setHistory Then history from state is update"},{"ancestorTitles":["CommonReducer"],"duration":1,"failureDetails":[],"failureMessages":[],"fullName":"CommonReducer Given CommonReducer When addHistory Then history from state is update","invocations":1,"location":null,"numPassingAsserts":1,"retryReasons":[],"status":"passed","title":"Given CommonReducer When addHistory Then history from state is update"},{"ancestorTitles":["CommonReducer"],"duration":21,"failureDetails":[],"failureMessages":[],"fullName":"CommonReducer Given CommonReducer When addHistory Then history from state is update","invocations":1,"location":null,"numPassingAsserts":1,"retryReasons":[],"status":"passed","title":"Given CommonReducer When addHistory Then history from state is update"},{"ancestorTitles":["CommonReducer"],"duration":1,"failureDetails":[],"failureMessages":[],"fullName":"CommonReducer Given CommonReducer When addHistory with existing title in history Then history from state is update","invocations":1,"location":null,"numPassingAsserts":1,"retryReasons":[],"status":"passed","title":"Given CommonReducer When addHistory with existing title in history Then history from state is update"},{"ancestorTitles":["CommonReducer"],"duration":0,"failureDetails":[],"failureMessages":[],"fullName":"CommonReducer Given CommonReducer When sliceHistoryOnce Then history from state is update","invocations":1,"location":null,"numPassingAsserts":1,"retryReasons":[],"status":"passed","title":"Given CommonReducer When sliceHistoryOnce Then history from state is update"},{"ancestorTitles":["CommonReducer"],"duration":0,"failureDetails":[],"failureMessages":[],"fullName":"CommonReducer Given CommonReducer When sliceHistory Then history from state is update","invocations":1,"location":null,"numPassingAsserts":1,"retryReasons":[],"status":"passed","title":"Given CommonReducer When sliceHistory Then history from state is update"}],"endTime":1704201795468,"message":"","name":"/home/docker/project/react-crud-mui/src/reducer/common/CommonReducer.test.js","startTime":1704201795337,"status":"passed","summary":""},{"assertionResults":[{"ancestorTitles":["API INTERCEPTOR"],"duration":3,"failureDetails":[],"failureMessages":[],"fullName":"API INTERCEPTOR Given axios request When its called without jwt token Then request is not changed","invocations":1,"location":null,"numPassingAsserts":1,"retryReasons":[],"status":"passed","title":"Given axios request When its called without jwt token Then request is not changed"},{"ancestorTitles":["API INTERCEPTOR"],"duration":0,"failureDetails":[],"failureMessages":[],"fullName":"API INTERCEPTOR Given axios request When its called with a jwt token Then request is upgrade","invocations":1,"location":null,"numPassingAsserts":1,"retryReasons":[],"status":"passed","title":"Given axios request When its called with a jwt token Then request is upgrade"},{"ancestorTitles":["API INTERCEPTOR"],"duration":1,"failureDetails":[],"failureMessages":[],"fullName":"API INTERCEPTOR Given axios request When its on error Then error is keeped","invocations":1,"location":null,"numPassingAsserts":1,"retryReasons":[],"status":"passed","title":"Given axios request When its on error Then error is keeped"},{"ancestorTitles":["API INTERCEPTOR"],"duration":0,"failureDetails":[],"failureMessages":[],"fullName":"API INTERCEPTOR Given axios response When its in success Then response if retrieved","invocations":1,"location":null,"numPassingAsserts":1,"retryReasons":[],"status":"passed","title":"Given axios response When its in success Then response if retrieved"},{"ancestorTitles":["API INTERCEPTOR"],"duration":0,"failureDetails":[],"failureMessages":[],"fullName":"API INTERCEPTOR Given axios response When its in error Then error is keeped","invocations":1,"location":null,"numPassingAsserts":1,"retryReasons":[],"status":"passed","title":"Given axios response When its in error Then error is keeped"},{"ancestorTitles":["API INTERCEPTOR"],"duration":20,"failureDetails":[],"failureMessages":[],"fullName":"API INTERCEPTOR Given axios response When its in error 401 and not retry Then refresh token is called","invocations":1,"location":null,"numPassingAsserts":1,"retryReasons":[],"status":"passed","title":"Given axios response When its in error 401 and not retry Then refresh token is called"},{"ancestorTitles":["API INTERCEPTOR"],"duration":0,"failureDetails":[],"failureMessages":[],"fullName":"API INTERCEPTOR Given axios response When its in error 401 and in retry Then refresh token is not called","invocations":1,"location":null,"numPassingAsserts":1,"retryReasons":[],"status":"passed","title":"Given axios response When its in error 401 and in retry Then refresh token is not called"},{"ancestorTitles":["API INTERCEPTOR"],"duration":0,"failureDetails":[],"failureMessages":[],"fullName":"API INTERCEPTOR Given axios response When its in error 401 and in retry with message Then refresh token is not called","invocations":1,"location":null,"numPassingAsserts":1,"retryReasons":[],"status":"passed","title":"Given axios response When its in error 401 and in retry with message Then refresh token is not called"},{"ancestorTitles":["API INTERCEPTOR"],"duration":1,"failureDetails":[],"failureMessages":[],"fullName":"API INTERCEPTOR Given axios response When its in error 401 and in retry without message Then refresh token is not called","invocations":1,"location":null,"numPassingAsserts":1,"retryReasons":[],"status":"passed","title":"Given axios response When its in error 401 and in retry without message Then refresh token is not called"}],"endTime":1704201795480,"message":"","name":"/home/docker/project/react-crud-mui/src/api/interceptor/AxiosInterceptor.test.js","startTime":1704201795329,"status":"passed","summary":""},{"assertionResults":[{"ancestorTitles":["ListUtils - convertEnumToList"],"duration":2,"failureDetails":[],"failureMessages":[],"fullName":"ListUtils - convertEnumToList When ListUtils When convert enum to list Then return true","invocations":1,"location":null,"numPassingAsserts":3,"retryReasons":[],"status":"passed","title":"When ListUtils When convert enum to list Then return true"},{"ancestorTitles":["ListUtils - getListeBoolean"],"duration":1,"failureDetails":[],"failureMessages":[],"fullName":"ListUtils - getListeBoolean When ListUtils When getListeBoolean Then return dto for radio input","invocations":1,"location":null,"numPassingAsserts":3,"retryReasons":[],"status":"passed","title":"When ListUtils When getListeBoolean Then return dto for radio input"},{"ancestorTitles":["ListUtils - toSelectData"],"duration":0,"failureDetails":[],"failureMessages":[],"fullName":"ListUtils - toSelectData When ListUtils When toSelectData Then return a ListType","invocations":1,"location":null,"numPassingAsserts":3,"retryReasons":[],"status":"passed","title":"When ListUtils When toSelectData Then return a ListType"}],"endTime":1704201795506,"message":"","name":"/home/docker/project/react-crud-mui/src/utils/list/ListUtils.test.js","startTime":1704201795402,"status":"passed","summary":""},{"assertionResults":[{"ancestorTitles":["I18Utils - translate"],"duration":2,"failureDetails":[],"failureMessages":[],"fullName":"I18Utils - translate Given I18Utils When libelle is find Then show libelle","invocations":1,"location":null,"numPassingAsserts":1,"retryReasons":[],"status":"passed","title":"Given I18Utils When libelle is find Then show libelle"},{"ancestorTitles":["I18Utils - translate"],"duration":0,"failureDetails":[],"failureMessages":[],"fullName":"I18Utils - translate Given I18Utils When libelle is null Then show empty string","invocations":1,"location":null,"numPassingAsserts":1,"retryReasons":[],"status":"passed","title":"Given I18Utils When libelle is null Then show empty string"}],"endTime":1704201795578,"message":"","name":"/home/docker/project/react-crud-mui/src/utils/i18n/I18nUtils.test.js","startTime":1704201795475,"status":"passed","summary":""},{"assertionResults":[{"ancestorTitles":["DateUtils - format"],"duration":2,"failureDetails":[],"failureMessages":[],"fullName":"DateUtils - format Given DateUtils When format width a empty date Then the return is weird","invocations":1,"location":null,"numPassingAsserts":1,"retryReasons":[],"status":"passed","title":"Given DateUtils When format width a empty date Then the return is weird"},{"ancestorTitles":["DateUtils - format"],"duration":1,"failureDetails":[],"failureMessages":[],"fullName":"DateUtils - format Given DateUtils When format width a good date Then the date is format correctly","invocations":1,"location":null,"numPassingAsserts":1,"retryReasons":[],"status":"passed","title":"Given DateUtils When format width a good date Then the date is format correctly"}],"endTime":1704201795594,"message":"","name":"/home/docker/project/react-crud-mui/src/utils/date/DateUtils.test.js","startTime":1704201795505,"status":"passed","summary":""}],"wasInterrupted":false}
